Build started 28/03/2017 21:12:58.
     1>Project "C:\Users\Daniel\Documents\UniversityWork\Year2\S2\C++\CPPCW2\src\CourseworkBase.vcxproj" on node 2 (Build target(s)).
     1>ClCompile:
         C:\Program Files (x86)\Microsoft Visual Studio 12.0\VC\bin\CL.exe /c /I..\SDL\include /ZI /nologo /W1 /WX- /Od /Oy- /Gm- /EHsc /MD /GS /fp:precise /Zc:wchar_t /Zc:forScope /Fo"C:\Users\Daniel\Documents\UniversityWork\Year2\S2\C++\CPPCW2\/Debug\\" /Fd"C:\Users\Daniel\Documents\UniversityWork\Year2\S2\C++\CPPCW2\/Debug\vc120.pdb" /FR"C:\Users\Daniel\Documents\UniversityWork\Year2\S2\C++\CPPCW2\/Debug\\" /Gd /TP /analyze- /errorReport:prompt Psydb3TileManager.cpp
         Psydb3TileManager.cpp
       Link:
         C:\Program Files (x86)\Microsoft Visual Studio 12.0\VC\bin\link.exe /ERRORREPORT:PROMPT /OUT:"C:\Users\Daniel\Documents\UniversityWork\Year2\S2\C++\CPPCW2\/Debug\CourseworkBase.exe" /NOLOGO /LIBPATH:..\SDL\libx86 SDL2.lib SDL2main.lib SDL2_image.lib SDL2_ttf.lib kernel32.lib user32.lib gdi32.lib winspool.lib comdlg32.lib advapi32.lib shell32.lib ole32.lib oleaut32.lib uuid.lib odbc32.lib odbccp32.lib /MANIFEST /MANIFESTUAC:"level='asInvoker' uiAccess='false'" /manifest:embed /DEBUG /PDB:"C:\Users\Daniel\Documents\UniversityWork\Year2\S2\C++\CPPCW2\/Debug\CourseworkBase.pdb" /MAP:"map" /SUBSYSTEM:CONSOLE /TLBID:1 /ENTRY:"mainCRTStartup" /DYNAMICBASE:NO /IMPLIB:"C:\Users\Daniel\Documents\UniversityWork\Year2\S2\C++\CPPCW2\/Debug\CourseworkBase.lib" /MACHINE:X86 /SAFESEH C:\Users\Daniel\Documents\UniversityWork\Year2\S2\C++\CPPCW2\/Debug\mainfunction.obj
         C:\Users\Daniel\Documents\UniversityWork\Year2\S2\C++\CPPCW2\/Debug\BaseEngine.obj
         C:\Users\Daniel\Documents\UniversityWork\Year2\S2\C++\CPPCW2\/Debug\DisplayableObject.obj
         C:\Users\Daniel\Documents\UniversityWork\Year2\S2\C++\CPPCW2\/Debug\FontManager.obj
         C:\Users\Daniel\Documents\UniversityWork\Year2\S2\C++\CPPCW2\/Debug\JPGImage.obj
         C:\Users\Daniel\Documents\UniversityWork\Year2\S2\C++\CPPCW2\/Debug\Psydb3Engine.obj
         C:\Users\Daniel\Documents\UniversityWork\Year2\S2\C++\CPPCW2\/Debug\Psydb3TileManager.obj
         C:\Users\Daniel\Documents\UniversityWork\Year2\S2\C++\CPPCW2\/Debug\SimpleDemo.obj
         C:\Users\Daniel\Documents\UniversityWork\Year2\S2\C++\CPPCW2\/Debug\TileManager.obj
         C:\Users\Daniel\Documents\UniversityWork\Year2\S2\C++\CPPCW2\/Debug\BouncingBall.obj
         C:\Users\Daniel\Documents\UniversityWork\Year2\S2\C++\CPPCW2\/Debug\BouncingBallMain.obj
         C:\Users\Daniel\Documents\UniversityWork\Year2\S2\C++\CPPCW2\/Debug\Demo1Main.obj
         C:\Users\Daniel\Documents\UniversityWork\Year2\S2\C++\CPPCW2\/Debug\Demo2Main.obj
         C:\Users\Daniel\Documents\UniversityWork\Year2\S2\C++\CPPCW2\/Debug\Demo2Object.obj
         C:\Users\Daniel\Documents\UniversityWork\Year2\S2\C++\CPPCW2\/Debug\Demo2TileManager.obj
         C:\Users\Daniel\Documents\UniversityWork\Year2\S2\C++\CPPCW2\/Debug\Demo3Main.obj
         C:\Users\Daniel\Documents\UniversityWork\Year2\S2\C++\CPPCW2\/Debug\Demo3Object.obj
         C:\Users\Daniel\Documents\UniversityWork\Year2\S2\C++\CPPCW2\/Debug\Demo3ObjectFinished.obj
         C:\Users\Daniel\Documents\UniversityWork\Year2\S2\C++\CPPCW2\/Debug\Demo3TileManager.obj
         C:\Users\Daniel\Documents\UniversityWork\Year2\S2\C++\CPPCW2\/Debug\Demo4Main.obj
         C:\Users\Daniel\Documents\UniversityWork\Year2\S2\C++\CPPCW2\/Debug\Demo4Object.obj
         C:\Users\Daniel\Documents\UniversityWork\Year2\S2\C++\CPPCW2\/Debug\Demo4TileManager.obj
         CourseworkBase.vcxproj -> C:\Users\Daniel\Documents\UniversityWork\Year2\S2\C++\CPPCW2\/Debug\CourseworkBase.exe
       BscMake:
         C:\Program Files (x86)\Microsoft Visual Studio 12.0\VC\bin\bscmake.exe /nologo /o"C:\Users\Daniel\Documents\UniversityWork\Year2\S2\C++\CPPCW2\/Debug\CourseworkBase.bsc" C:\Users\Daniel\Documents\UniversityWork\Year2\S2\C++\CPPCW2\/Debug\mainfunction.sbr C:\Users\Daniel\Documents\UniversityWork\Year2\S2\C++\CPPCW2\/Debug\BaseEngine.sbr C:\Users\Daniel\Documents\UniversityWork\Year2\S2\C++\CPPCW2\/Debug\DisplayableObject.sbr C:\Users\Daniel\Documents\UniversityWork\Year2\S2\C++\CPPCW2\/Debug\FontManager.sbr C:\Users\Daniel\Documents\UniversityWork\Year2\S2\C++\CPPCW2\/Debug\JPGImage.sbr C:\Users\Daniel\Documents\UniversityWork\Year2\S2\C++\CPPCW2\/Debug\Psydb3Engine.sbr C:\Users\Daniel\Documents\UniversityWork\Year2\S2\C++\CPPCW2\/Debug\Psydb3TileManager.sbr C:\Users\Daniel\Documents\UniversityWork\Year2\S2\C++\CPPCW2\/Debug\SimpleDemo.sbr C:\Users\Daniel\Documents\UniversityWork\Year2\S2\C++\CPPCW2\/Debug\TileManager.sbr C:\Users\Daniel\Documents\UniversityWork\Year2\S2\C++\CPPCW2\/Debug\BouncingBall.sbr C:\Users\Daniel\Documents\UniversityWork\Year2\S2\C++\CPPCW2\/Debug\BouncingBallMain.sbr C:\Users\Daniel\Documents\UniversityWork\Year2\S2\C++\CPPCW2\/Debug\Demo1Main.sbr C:\Users\Daniel\Documents\UniversityWork\Year2\S2\C++\CPPCW2\/Debug\Demo2Main.sbr C:\Users\Daniel\Documents\UniversityWork\Year2\S2\C++\CPPCW2\/Debug\Demo2Object.sbr C:\Users\Daniel\Documents\UniversityWork\Year2\S2\C++\CPPCW2\/Debug\Demo2TileManager.sbr C:\Users\Daniel\Documents\UniversityWork\Year2\S2\C++\CPPCW2\/Debug\Demo3Main.sbr C:\Users\Daniel\Documents\UniversityWork\Year2\S2\C++\CPPCW2\/Debug\Demo3Object.sbr C:\Users\Daniel\Documents\UniversityWork\Year2\S2\C++\CPPCW2\/Debug\Demo3ObjectFinished.sbr C:\Users\Daniel\Documents\UniversityWork\Year2\S2\C++\CPPCW2\/Debug\Demo3TileManager.sbr C:\Users\Daniel\Documents\UniversityWork\Year2\S2\C++\CPPCW2\/Debug\Demo4Main.sbr C:\Users\Daniel\Documents\UniversityWork\Year2\S2\C++\CPPCW2\/Debug\Demo4Object.sbr C:\Users\Daniel\Documents\UniversityWork\Year2\S2\C++\CPPCW2\/Debug\Demo4TileManager.sbr
     1>Done Building Project "C:\Users\Daniel\Documents\UniversityWork\Year2\S2\C++\CPPCW2\src\CourseworkBase.vcxproj" (Build target(s)).

Build succeeded.

Time Elapsed 00:00:05.71
