c:\users\daniel\documents\universitywork\year2\s2\c++\cppcw2\debug\courseworkbase.bsc
c:\users\daniel\documents\universitywork\year2\s2\c++\cppcw2\debug\vc120.pdb
c:\users\daniel\documents\universitywork\year2\s2\c++\cppcw2\debug\collideable.sbr
c:\users\daniel\documents\universitywork\year2\s2\c++\cppcw2\debug\mainfunction.sbr
c:\users\daniel\documents\universitywork\year2\s2\c++\cppcw2\debug\baseengine.sbr
c:\users\daniel\documents\universitywork\year2\s2\c++\cppcw2\debug\displayableobject.sbr
c:\users\daniel\documents\universitywork\year2\s2\c++\cppcw2\debug\fontmanager.sbr
c:\users\daniel\documents\universitywork\year2\s2\c++\cppcw2\debug\jpgimage.sbr
c:\users\daniel\documents\universitywork\year2\s2\c++\cppcw2\debug\psydb3bomb.sbr
c:\users\daniel\documents\universitywork\year2\s2\c++\cppcw2\debug\psydb3bullet.sbr
c:\users\daniel\documents\universitywork\year2\s2\c++\cppcw2\debug\psydb3bulletmanager.sbr
c:\users\daniel\documents\universitywork\year2\s2\c++\cppcw2\debug\psydb3collisionhandler.sbr
c:\users\daniel\documents\universitywork\year2\s2\c++\cppcw2\debug\psydb3cursor.sbr
c:\users\daniel\documents\universitywork\year2\s2\c++\cppcw2\debug\psydb3enemytank.sbr
c:\users\daniel\documents\universitywork\year2\s2\c++\cppcw2\debug\psydb3engine.sbr
c:\users\daniel\documents\universitywork\year2\s2\c++\cppcw2\debug\psydb3fileio.sbr
c:\users\daniel\documents\universitywork\year2\s2\c++\cppcw2\debug\psydb3pausestate.sbr
c:\users\daniel\documents\universitywork\year2\s2\c++\cppcw2\debug\psydb3playertank.sbr
c:\users\daniel\documents\universitywork\year2\s2\c++\cppcw2\debug\psydb3playstate.sbr
c:\users\daniel\documents\universitywork\year2\s2\c++\cppcw2\debug\psydb3startstate.sbr
c:\users\daniel\documents\universitywork\year2\s2\c++\cppcw2\debug\psydb3state.sbr
c:\users\daniel\documents\universitywork\year2\s2\c++\cppcw2\debug\psydb3tank.sbr
c:\users\daniel\documents\universitywork\year2\s2\c++\cppcw2\debug\psydb3tank.obj
c:\users\daniel\documents\universitywork\year2\s2\c++\cppcw2\debug\psydb3state.obj
c:\users\daniel\documents\universitywork\year2\s2\c++\cppcw2\debug\psydb3startstate.obj
c:\users\daniel\documents\universitywork\year2\s2\c++\cppcw2\debug\psydb3playstate.obj
c:\users\daniel\documents\universitywork\year2\s2\c++\cppcw2\debug\psydb3playertank.obj
c:\users\daniel\documents\universitywork\year2\s2\c++\cppcw2\debug\psydb3pausestate.obj
c:\users\daniel\documents\universitywork\year2\s2\c++\cppcw2\debug\psydb3fileio.obj
c:\users\daniel\documents\universitywork\year2\s2\c++\cppcw2\debug\psydb3engine.obj
c:\users\daniel\documents\universitywork\year2\s2\c++\cppcw2\debug\psydb3enemytank.obj
c:\users\daniel\documents\universitywork\year2\s2\c++\cppcw2\debug\psydb3cursor.obj
c:\users\daniel\documents\universitywork\year2\s2\c++\cppcw2\debug\psydb3collisionhandler.obj
c:\users\daniel\documents\universitywork\year2\s2\c++\cppcw2\debug\psydb3bulletmanager.obj
c:\users\daniel\documents\universitywork\year2\s2\c++\cppcw2\debug\psydb3bullet.obj
c:\users\daniel\documents\universitywork\year2\s2\c++\cppcw2\debug\psydb3bomb.obj
c:\users\daniel\documents\universitywork\year2\s2\c++\cppcw2\debug\jpgimage.obj
c:\users\daniel\documents\universitywork\year2\s2\c++\cppcw2\debug\fontmanager.obj
c:\users\daniel\documents\universitywork\year2\s2\c++\cppcw2\debug\displayableobject.obj
c:\users\daniel\documents\universitywork\year2\s2\c++\cppcw2\debug\baseengine.obj
c:\users\daniel\documents\universitywork\year2\s2\c++\cppcw2\debug\mainfunction.obj
c:\users\daniel\documents\universitywork\year2\s2\c++\cppcw2\debug\collideable.obj
c:\users\daniel\documents\universitywork\year2\s2\c++\cppcw2\debug\psydb3tankdirectionstate.sbr
c:\users\daniel\documents\universitywork\year2\s2\c++\cppcw2\debug\psydb3tilemanager.sbr
c:\users\daniel\documents\universitywork\year2\s2\c++\cppcw2\debug\simpledemo.sbr
c:\users\daniel\documents\universitywork\year2\s2\c++\cppcw2\debug\tilemanager.sbr
c:\users\daniel\documents\universitywork\year2\s2\c++\cppcw2\debug\bouncingball.sbr
c:\users\daniel\documents\universitywork\year2\s2\c++\cppcw2\debug\bouncingballmain.sbr
c:\users\daniel\documents\universitywork\year2\s2\c++\cppcw2\debug\demo1main.sbr
c:\users\daniel\documents\universitywork\year2\s2\c++\cppcw2\debug\demo2main.sbr
c:\users\daniel\documents\universitywork\year2\s2\c++\cppcw2\debug\demo2object.sbr
c:\users\daniel\documents\universitywork\year2\s2\c++\cppcw2\debug\demo2tilemanager.sbr
c:\users\daniel\documents\universitywork\year2\s2\c++\cppcw2\debug\demo3main.sbr
c:\users\daniel\documents\universitywork\year2\s2\c++\cppcw2\debug\demo3object.sbr
c:\users\daniel\documents\universitywork\year2\s2\c++\cppcw2\debug\demo3objectfinished.sbr
c:\users\daniel\documents\universitywork\year2\s2\c++\cppcw2\debug\demo3tilemanager.sbr
c:\users\daniel\documents\universitywork\year2\s2\c++\cppcw2\debug\demo4main.sbr
c:\users\daniel\documents\universitywork\year2\s2\c++\cppcw2\debug\demo4object.sbr
c:\users\daniel\documents\universitywork\year2\s2\c++\cppcw2\debug\demo4tilemanager.sbr
c:\users\daniel\documents\universitywork\year2\s2\c++\cppcw2\debug\demo4tilemanager.obj
c:\users\daniel\documents\universitywork\year2\s2\c++\cppcw2\debug\demo4object.obj
c:\users\daniel\documents\universitywork\year2\s2\c++\cppcw2\debug\demo4main.obj
c:\users\daniel\documents\universitywork\year2\s2\c++\cppcw2\debug\demo3tilemanager.obj
c:\users\daniel\documents\universitywork\year2\s2\c++\cppcw2\debug\demo3objectfinished.obj
c:\users\daniel\documents\universitywork\year2\s2\c++\cppcw2\debug\demo3object.obj
c:\users\daniel\documents\universitywork\year2\s2\c++\cppcw2\debug\demo3main.obj
c:\users\daniel\documents\universitywork\year2\s2\c++\cppcw2\debug\demo2tilemanager.obj
c:\users\daniel\documents\universitywork\year2\s2\c++\cppcw2\debug\demo2object.obj
c:\users\daniel\documents\universitywork\year2\s2\c++\cppcw2\debug\demo2main.obj
c:\users\daniel\documents\universitywork\year2\s2\c++\cppcw2\debug\demo1main.obj
c:\users\daniel\documents\universitywork\year2\s2\c++\cppcw2\debug\bouncingballmain.obj
c:\users\daniel\documents\universitywork\year2\s2\c++\cppcw2\debug\bouncingball.obj
c:\users\daniel\documents\universitywork\year2\s2\c++\cppcw2\debug\tilemanager.obj
c:\users\daniel\documents\universitywork\year2\s2\c++\cppcw2\debug\simpledemo.obj
c:\users\daniel\documents\universitywork\year2\s2\c++\cppcw2\debug\psydb3tilemanager.obj
c:\users\daniel\documents\universitywork\year2\s2\c++\cppcw2\debug\psydb3tankdirectionstate.obj
c:\users\daniel\documents\universitywork\year2\s2\c++\cppcw2\debug\psydb3basicenemytank.sbr
c:\users\daniel\documents\universitywork\year2\s2\c++\cppcw2\debug\psydb3basicenemytank.obj
c:\users\daniel\documents\universitywork\year2\s2\c++\cppcw2\debug\courseworkbase.ilk
c:\users\daniel\documents\universitywork\year2\s2\c++\cppcw2\debug\courseworkbase.exe
c:\users\daniel\documents\universitywork\year2\s2\c++\cppcw2\src\map
c:\users\daniel\documents\universitywork\year2\s2\c++\cppcw2\debug\courseworkbase.pdb
c:\users\daniel\documents\universitywork\year2\s2\c++\cppcw2\debug\courseworkbase.res
c:\users\daniel\documents\universitywork\year2\s2\c++\cppcw2\/debug\courseworkbase.pdb
c:\users\daniel\documents\universitywork\year2\s2\c++\cppcw2\/debug\courseworkbase.exe
c:\users\daniel\documents\universitywork\year2\s2\c++\cppcw2\/debug\courseworkbase.bsc
c:\users\daniel\documents\universitywork\year2\s2\c++\cppcw2\/debug\courseworkbase.ilk
c:\users\daniel\documents\universitywork\year2\s2\c++\cppcw2\debug\courseworkbase.tlog\bscmake.command.1.tlog
c:\users\daniel\documents\universitywork\year2\s2\c++\cppcw2\debug\courseworkbase.tlog\bscmake.read.1.tlog
c:\users\daniel\documents\universitywork\year2\s2\c++\cppcw2\debug\courseworkbase.tlog\bscmake.write.1.tlog
c:\users\daniel\documents\universitywork\year2\s2\c++\cppcw2\debug\courseworkbase.tlog\cl.command.1.tlog
c:\users\daniel\documents\universitywork\year2\s2\c++\cppcw2\debug\courseworkbase.tlog\cl.read.1.tlog
c:\users\daniel\documents\universitywork\year2\s2\c++\cppcw2\debug\courseworkbase.tlog\cl.write.1.tlog
c:\users\daniel\documents\universitywork\year2\s2\c++\cppcw2\debug\courseworkbase.tlog\link.command.1.tlog
c:\users\daniel\documents\universitywork\year2\s2\c++\cppcw2\debug\courseworkbase.tlog\link.read.1.tlog
c:\users\daniel\documents\universitywork\year2\s2\c++\cppcw2\debug\courseworkbase.tlog\link.write.1.tlog
c:\users\daniel\documents\universitywork\year2\s2\c++\cppcw2\debug\courseworkbase.tlog\rc.command.1.tlog
c:\users\daniel\documents\universitywork\year2\s2\c++\cppcw2\debug\courseworkbase.tlog\rc.read.1.tlog
c:\users\daniel\documents\universitywork\year2\s2\c++\cppcw2\debug\courseworkbase.tlog\rc.write.1.tlog
